2022-03-29-main--INFO -com.hcl.ecommerce.SpringBootEcommerceApplication:Starting Application
  2022-03-29-main--INFO -com.hcl.ecommerce.config.MyDataRestConfig:Disabling Put, Post, Delete and Patch
  2022-03-29-main--DEBUG-com.hcl.ecommerce.config.MyDataRestConfig:The helper method disableHttpMethods is called for the class com.hcl.ecommerce.entity.Product class
  2022-03-29-main--DEBUG-com.hcl.ecommerce.config.MyDataRestConfig:The helper method disableHttpMethods is called for the class com.hcl.ecommerce.entity.ProductCategory class
  2022-03-29-main--DEBUG-com.hcl.ecommerce.config.MyDataRestConfig:The helper method disableHttpMethods is called for the class com.hcl.ecommerce.entity.Country class
  2022-03-29-main--DEBUG-com.hcl.ecommerce.config.MyDataRestConfig:The helper method disableHttpMethods is called for the class com.hcl.ecommerce.entity.State class
  2022-03-29-main--DEBUG-com.hcl.ecommerce.config.MyDataRestConfig:The helper method disableHttpMethods is called for the class com.hcl.ecommerce.entity.Order class
  2022-03-29-main--INFO -com.hcl.ecommerce.config.MyDataRestConfig:The helper method exposeIds is called
  2022-03-29-main--INFO -com.hcl.ecommerce.config.SecurityConfiguration:Configuring safety of the backend with https
  2022-03-29-main--INFO -com.hcl.ecommerce.config.SecurityConfiguration:Set up support for CORS and 401 response page
  2022-03-29-https-jsse-nio-8443-exec-10--INFO -com.hcl.ecommerce.controller.CheckoutController:paymentInfo.amount: 23996
  2022-03-29-https-jsse-nio-8443-exec-10--INFO -com.hcl.ecommerce.service.CheckoutServiceImpl:Creating payment intent
  2022-03-29-https-jsse-nio-8443-exec-10--DEBUG-com.hcl.ecommerce.service.CheckoutServiceImpl:Payment Params: {amount=23996, receipt_email=demo@demo.com, payment_method_types=[card], description=Computer Accessories purchase, currency=USD}
  2022-03-29-https-jsse-nio-8443-exec-1--INFO -com.hcl.ecommerce.controller.CheckoutController:Purchase: Purchase(customer=com.hcl.ecommerce.entity.Customer@68a3b4a6, shippingAddress=com.hcl.ecommerce.entity.Address@5f3f1f6f, billingAddress=com.hcl.ecommerce.entity.Address@3868c8ad, order=com.hcl.ecommerce.entity.Order@c08ad7d, orderItems=[com.hcl.ecommerce.entity.OrderItem@1f451dc0, com.hcl.ecommerce.entity.OrderItem@7f438495, com.hcl.ecommerce.entity.OrderItem@7212b459, com.hcl.ecommerce.entity.OrderItem@ba7ee6b])
  2022-03-29-https-jsse-nio-8443-exec-1--INFO -com.hcl.ecommerce.service.CheckoutServiceImpl:Got order of purchase
  2022-03-29-https-jsse-nio-8443-exec-1--INFO -com.hcl.ecommerce.service.CheckoutServiceImpl:Creating random OrderID
  2022-03-29-https-jsse-nio-8443-exec-1--DEBUG-com.hcl.ecommerce.service.CheckoutServiceImpl:Got order tracking number. Order Tracking number: com.hcl.ecommerce.entity.Order@c08ad7d
  2022-03-29-https-jsse-nio-8443-exec-1--DEBUG-com.hcl.ecommerce.service.CheckoutServiceImpl:Got order Billing Address: com.hcl.ecommerce.entity.Address@3868c8ad
  2022-03-29-https-jsse-nio-8443-exec-1--DEBUG-com.hcl.ecommerce.service.CheckoutServiceImpl:Got order Shipping Address: com.hcl.ecommerce.entity.Address@5f3f1f6f
  2022-03-30-main--INFO -com.hcl.ecommerce.SpringBootEcommerceApplication:Starting Application
  2022-03-30-main--INFO -com.hcl.ecommerce.config.MyDataRestConfig:Disabling Put, Post, Delete and Patch
  2022-03-30-main--DEBUG-com.hcl.ecommerce.config.MyDataRestConfig:The helper method disableHttpMethods is called for the class com.hcl.ecommerce.entity.Product class
  2022-03-30-main--DEBUG-com.hcl.ecommerce.config.MyDataRestConfig:The helper method disableHttpMethods is called for the class com.hcl.ecommerce.entity.ProductCategory class
  2022-03-30-main--DEBUG-com.hcl.ecommerce.config.MyDataRestConfig:The helper method disableHttpMethods is called for the class com.hcl.ecommerce.entity.Country class
  2022-03-30-main--DEBUG-com.hcl.ecommerce.config.MyDataRestConfig:The helper method disableHttpMethods is called for the class com.hcl.ecommerce.entity.State class
  2022-03-30-main--DEBUG-com.hcl.ecommerce.config.MyDataRestConfig:The helper method disableHttpMethods is called for the class com.hcl.ecommerce.entity.Order class
  2022-03-30-main--INFO -com.hcl.ecommerce.config.MyDataRestConfig:The helper method exposeIds is called
  2022-03-30-main--INFO -com.hcl.ecommerce.config.SecurityConfiguration:Configuring safety of the backend with https
  2022-03-30-main--INFO -com.hcl.ecommerce.config.SecurityConfiguration:Set up support for CORS and 401 response page
  